This is pdfTeX, Version 3.1415926-2.5-1.40.14 (TeX Live 2013/Debian) (format=latex 2014.7.6)  4 JUN 2015 22:28
entering extended mode
 restricted \write18 enabled.
 %&-line parsing enabled.
**\makeatletter\def\HCode{\futurelet\HCode\HChar}\def\HChar{\ifx"\HCode\def\HCo
de"##1"{\Link##1}\expandafter\HCode\else\expandafter\Link\fi}\def\Link#1.a.b.c.
{\g@addto@macro\@documentclasshook{\RequirePackage[#1,html]{tex4ht}}\let\HCode\
documentstyle\def\documentstyle{\let\documentstyle\HCode\expandafter\def\csname
 tex4ht\endcsname{#1,html}\def\HCode####1{\documentstyle[tex4ht,}\@ifnextchar[{
\HCode}{\documentstyle[tex4ht]}}}\makeatother\HCode .a.b.c.\input  calibration_
paper.tex
(./calibration_paper.tex
(/usr/share/texlive/texmf-dist/tex/latex/base/article.cls
Document Class: article 2007/10/19 v1.4h Standard LaTeX document class
(/usr/share/texlive/texmf-dist/tex/latex/base/size12.clo
File: size12.clo 2007/10/19 v1.4h Standard LaTeX file (size option)
)
\c@part=\count79
\c@section=\count80
\c@subsection=\count81
\c@subsubsection=\count82
\c@paragraph=\count83
\c@subparagraph=\count84
\c@figure=\count85
\c@table=\count86
\abovecaptionskip=\skip41
\belowcaptionskip=\skip42
\bibindent=\dimen102
)
(/usr/share/texmf/tex/generic/tex4ht/tex4ht.sty
version 2008-10-27-17:23
Package: tex4ht 
--------------------------------------
--- Note --- for _ at preamble, use the command line option `early_'
--------------------------------------
--------------------------------------
--- Note --- for ^ at preamble, use the command line option `early^'
--------------------------------------
\tmp:toks=\toks14
)
(/usr/share/texmf/tex/generic/tex4ht/usepackage.4ht
version 2009-05-21-09:32
)
(/usr/share/texlive/texmf-dist/tex/latex/geometry/geometry.sty
Package: geometry 2010/09/12 v5.6 Page Geometry

(/usr/share/texlive/texmf-dist/tex/latex/graphics/keyval.sty
Package: keyval 1999/03/16 v1.13 key=value parser (DPC)
\KV@toks@=\toks15
)
(/usr/share/texlive/texmf-dist/tex/generic/oberdiek/ifpdf.sty
Package: ifpdf 2011/01/30 v2.3 Provides the ifpdf switch (HO)
Package ifpdf Info: pdfTeX in PDF mode is not detected.
)
(/usr/share/texlive/texmf-dist/tex/generic/oberdiek/ifvtex.sty
Package: ifvtex 2010/03/01 v1.5 Detect VTeX and its facilities (HO)
Package ifvtex Info: VTeX not detected.
)
(/usr/share/texlive/texmf-dist/tex/generic/ifxetex/ifxetex.sty
Package: ifxetex 2010/09/12 v0.6 Provides ifxetex conditional
)
\Gm@cnth=\count87
\Gm@cntv=\count88
\c@Gm@tempcnt=\count89
\Gm@bindingoffset=\dimen103
\Gm@wd@mp=\dimen104
\Gm@odd@mp=\dimen105
\Gm@even@mp=\dimen106
\Gm@layoutwidth=\dimen107
\Gm@layoutheight=\dimen108
\Gm@layouthoffset=\dimen109
\Gm@layoutvoffset=\dimen110
\Gm@dimlist=\toks16
)
(/usr/share/texlive/texmf-dist/tex/latex/graphics/graphicx.sty
Package: graphicx 1999/02/16 v1.0f Enhanced LaTeX Graphics (DPC,SPQR)

(/usr/share/texlive/texmf-dist/tex/latex/graphics/graphics.sty
Package: graphics 2009/02/05 v1.0o Standard LaTeX Graphics (DPC,SPQR)

(/usr/share/texlive/texmf-dist/tex/latex/graphics/trig.sty
Package: trig 1999/03/16 v1.09 sin cos tan (DPC)
)
(/usr/share/texlive/texmf-dist/tex/latex/latexconfig/graphics.cfg
File: graphics.cfg 2010/04/23 v1.9 graphics configuration of TeX Live
)
Package graphics Info: Driver file: dvips.def on input line 91.

(/usr/share/texlive/texmf-dist/tex/latex/graphics/dvips.def
File: dvips.def 1999/02/16 v3.0i Driver-dependant file (DPC,SPQR)
))
\Gin@req@height=\dimen111
\Gin@req@width=\dimen112
)
(/usr/share/texlive/texmf-dist/tex/latex/amsmath/amsmath.sty
Package: amsmath 2013/01/14 v2.14 AMS math features
\@mathmargin=\skip43

For additional information on amsmath, use the `?' option.
(/usr/share/texlive/texmf-dist/tex/latex/amsmath/amstext.sty
Package: amstext 2000/06/29 v2.01

(/usr/share/texlive/texmf-dist/tex/latex/amsmath/amsgen.sty
File: amsgen.sty 1999/11/30 v2.0
\@emptytoks=\toks17
\ex@=\dimen113
))
(/usr/share/texlive/texmf-dist/tex/latex/amsmath/amsbsy.sty
Package: amsbsy 1999/11/29 v1.2d
\pmbraise@=\dimen114
)
(/usr/share/texlive/texmf-dist/tex/latex/amsmath/amsopn.sty
Package: amsopn 1999/12/14 v2.01 operator names
)
\inf@bad=\count90
LaTeX Info: Redefining \frac on input line 210.
\uproot@=\count91
\leftroot@=\count92
LaTeX Info: Redefining \overline on input line 306.
\classnum@=\count93
\DOTSCASE@=\count94
LaTeX Info: Redefining \ldots on input line 378.
LaTeX Info: Redefining \dots on input line 381.
LaTeX Info: Redefining \cdots on input line 466.
\Mathstrutbox@=\box26
\strutbox@=\box27
\big@size=\dimen115
LaTeX Font Info:    Redeclaring font encoding OML on input line 566.
LaTeX Font Info:    Redeclaring font encoding OMS on input line 567.
\macc@depth=\count95
\c@MaxMatrixCols=\count96
\dotsspace@=\muskip10
\c@parentequation=\count97
\dspbrk@lvl=\count98
\tag@help=\toks18
\row@=\count99
\column@=\count100
\maxfields@=\count101
\andhelp@=\toks19
\eqnshift@=\dimen116
\alignsep@=\dimen117
\tagshift@=\dimen118
\tagwidth@=\dimen119
\totwidth@=\dimen120
\lineht@=\dimen121
\@envbody=\toks20
\multlinegap=\skip44
\multlinetaggap=\skip45
\mathdisplay@stack=\toks21
LaTeX Info: Redefining \[ on input line 2665.
LaTeX Info: Redefining \] on input line 2666.
)
(/usr/share/texlive/texmf-dist/tex/latex/tools/bm.sty
Package: bm 2004/02/26 v1.1c Bold Symbol Support (DPC/FMi)
\symboldoperators=\mathgroup4
\symboldletters=\mathgroup5
\symboldsymbols=\mathgroup6
LaTeX Font Info:    Redeclaring math alphabet \mathbf on input line 138.
LaTeX Info: Redefining \bm on input line 204.
)
(/usr/share/texlive/texmf-dist/tex/latex/amsfonts/amsfonts.sty
Package: amsfonts 2013/01/14 v3.01 Basic AMSFonts support
\symAMSa=\mathgroup7
\symAMSb=\mathgroup8
LaTeX Font Info:    Overwriting math alphabet `\mathfrak' in version `bold'
(Font)                  U/euf/m/n --> U/euf/b/n on input line 106.
)
(/usr/share/texlive/texmf-dist/tex/latex/amscls/amsthm.sty
Package: amsthm 2004/08/06 v2.20
\thm@style=\toks22
\thm@bodyfont=\toks23
\thm@headfont=\toks24
\thm@notefont=\toks25
\thm@headpunct=\toks26
\thm@preskip=\skip46
\thm@postskip=\skip47
\thm@headsep=\skip48
\dth@everypar=\toks27
)
(/usr/share/texlive/texmf-dist/tex/latex/hyperref/hyperref.sty
Package: hyperref 2012/11/06 v6.83m Hypertext links for LaTeX

(/usr/share/texlive/texmf-dist/tex/generic/oberdiek/hobsub-hyperref.sty
Package: hobsub-hyperref 2012/05/28 v1.13 Bundle oberdiek, subset hyperref (HO)


(/usr/share/texlive/texmf-dist/tex/generic/oberdiek/hobsub-generic.sty
Package: hobsub-generic 2012/05/28 v1.13 Bundle oberdiek, subset generic (HO)
Package: hobsub 2012/05/28 v1.13 Construct package bundles (HO)
Package: infwarerr 2010/04/08 v1.3 Providing info/warning/error messages (HO)
Package: ltxcmds 2011/11/09 v1.22 LaTeX kernel commands for general use (HO)
Package: ifluatex 2010/03/01 v1.3 Provides the ifluatex switch (HO)
Package ifluatex Info: LuaTeX not detected.
Package hobsub Info: Skipping package `ifvtex' (already loaded).
Package: intcalc 2007/09/27 v1.1 Expandable calculations with integers (HO)
Package hobsub Info: Skipping package `ifpdf' (already loaded).
Package: etexcmds 2011/02/16 v1.5 Avoid name clashes with e-TeX commands (HO)
Package etexcmds Info: Could not find \expanded.
(etexcmds)             That can mean that you are not using pdfTeX 1.50 or
(etexcmds)             that some package has redefined \expanded.
(etexcmds)             In the latter case, load this package earlier.
Package: kvsetkeys 2012/04/25 v1.16 Key value parser (HO)
Package: kvdefinekeys 2011/04/07 v1.3 Define keys (HO)
Package: pdftexcmds 2011/11/29 v0.20 Utility functions of pdfTeX for LuaTeX (HO
)
Package pdftexcmds Info: LuaTeX not detected.
Package pdftexcmds Info: \pdf@primitive is available.
Package pdftexcmds Info: \pdf@ifprimitive is available.
Package pdftexcmds Info: \pdfdraftmode is ignored in DVI mode.
Package: pdfescape 2011/11/25 v1.13 Implements pdfTeX's escape features (HO)
Package: bigintcalc 2012/04/08 v1.3 Expandable calculations on big integers (HO
)
Package: bitset 2011/01/30 v1.1 Handle bit-vector datatype (HO)
Package: uniquecounter 2011/01/30 v1.2 Provide unlimited unique counter (HO)
)
Package hobsub Info: Skipping package `hobsub' (already loaded).
Package: letltxmacro 2010/09/02 v1.4 Let assignment for LaTeX macros (HO)
Package: hopatch 2012/05/28 v1.2 Wrapper for package hooks (HO)
Package: xcolor-patch 2011/01/30 xcolor patch
Package: atveryend 2011/06/30 v1.8 Hooks at the very end of document (HO)
Package atveryend Info: \enddocument detected (standard20110627).
Package: atbegshi 2011/10/05 v1.16 At begin shipout hook (HO)
Package: refcount 2011/10/16 v3.4 Data extraction from label references (HO)
Package: hycolor 2011/01/30 v1.7 Color options for hyperref/bookmark (HO)
)
(/usr/share/texlive/texmf-dist/tex/latex/oberdiek/auxhook.sty
Package: auxhook 2011/03/04 v1.3 Hooks for auxiliary files (HO)


Package auxhook Warning: Cannot patch \document,
(auxhook)                using \AtBeginDocument instead.

) (/usr/share/texlive/texmf-dist/tex/latex/oberdiek/kvoptions.sty
Package: kvoptions 2011/06/30 v3.11 Key value format for package options (HO)
)
\@linkdim=\dimen122
\Hy@linkcounter=\count102
\Hy@pagecounter=\count103

(/usr/share/texlive/texmf-dist/tex/latex/hyperref/pd1enc.def
File: pd1enc.def 2012/11/06 v6.83m Hyperref: PDFDocEncoding definition (HO)
)
\Hy@SavedSpaceFactor=\count104

(/usr/share/texlive/texmf-dist/tex/latex/latexconfig/hyperref.cfg
File: hyperref.cfg 2002/06/06 v1.2 hyperref configuration of TeXLive
)
Package hyperref Info: Option `colorlinks' set `true' on input line 4319.
Package hyperref Info: Hyper figures OFF on input line 4443.
Package hyperref Info: Link nesting OFF on input line 4448.
Package hyperref Info: Hyper index ON on input line 4451.
Package hyperref Info: Plain pages OFF on input line 4458.
Package hyperref Info: Backreferencing OFF on input line 4463.
Package hyperref Info: Implicit mode ON; LaTeX internals redefined.
Package hyperref Info: Bookmarks ON on input line 4688.
\c@Hy@tempcnt=\count105

(/usr/share/texlive/texmf-dist/tex/latex/url/url.sty
\Urlmuskip=\muskip11
Package: url 2013/09/16  ver 3.4  Verb mode for urls, etc.
)
LaTeX Info: Redefining \url on input line 5041.
\XeTeXLinkMargin=\dimen123
\Fld@menulength=\count106
\Field@Width=\dimen124
\Fld@charsize=\dimen125
\Field@toks=\toks28
Package hyperref Info: Hyper figures OFF on input line 6295.
Package hyperref Info: Link nesting OFF on input line 6300.
Package hyperref Info: Hyper index ON on input line 6303.
Package hyperref Info: backreferencing OFF on input line 6310.
Package hyperref Info: Link coloring ON on input line 6313.
Package hyperref Info: Link coloring with OCG OFF on input line 6320.
Package hyperref Info: PDF/A mode OFF on input line 6325.
LaTeX Info: Redefining \ref on input line 6365.
LaTeX Info: Redefining \pageref on input line 6369.
\Hy@abspage=\count107


Package hyperref Message: Stopped early.

)

Package hyperref Message: Driver: htex4ht.

(/usr/share/texlive/texmf-dist/tex/latex/hyperref/htex4ht.def
File: htex4ht.def 2012/11/06 v6.83m Hyperref driver for TeX4ht
Package hyperref Info: tex4ht is already loaded.
)
(/usr/share/texlive/texmf-dist/tex/latex/natbib/natbib.sty
Package: natbib 2010/09/13 8.31b (PWD, AO)
\bibhang=\skip49
\bibsep=\skip50
LaTeX Info: Redefining \cite on input line 694.
\c@NAT@ctr=\count108
)
(/usr/share/texlive/texmf-dist/tex/latex/pdfpages/pdfpages.sty
Package: pdfpages 2013/08/25 v0.4v Insert pages of external PDF documents (AM)

(/usr/share/texlive/texmf-dist/tex/latex/base/ifthen.sty
Package: ifthen 2001/05/26 v1.1c Standard LaTeX ifthen package (DPC)
)
(/usr/share/texlive/texmf-dist/tex/latex/tools/calc.sty
Package: calc 2007/08/22 v4.3 Infix arithmetic (KKT,FJ)
\calc@Acount=\count109
\calc@Bcount=\count110
\calc@Adimen=\dimen126
\calc@Bdimen=\dimen127
\calc@Askip=\skip51
\calc@Bskip=\skip52
LaTeX Info: Redefining \setlength on input line 76.
LaTeX Info: Redefining \addtolength on input line 77.
\calc@Ccount=\count111
\calc@Cskip=\skip53
)
(/usr/share/texlive/texmf-dist/tex/latex/eso-pic/eso-pic.sty
Package: eso-pic 2013/10/06 v2.0d eso-pic (RN)

(/usr/share/texmf/tex/latex/xcolor/xcolor.sty
Package: xcolor 2007/01/21 v2.11 LaTeX color extensions (UK)

(/usr/share/texlive/texmf-dist/tex/latex/latexconfig/color.cfg
File: color.cfg 2007/01/18 v1.5 color configuration of teTeX/TeXLive
)
Package xcolor Info: Driver file: dvips.def on input line 225.
Package xcolor Info: Model `cmy' substituted by `cmy0' on input line 1337.
Package xcolor Info: Model `RGB' extended on input line 1353.
Package xcolor Info: Model `HTML' substituted by `rgb' on input line 1355.
Package xcolor Info: Model `Hsb' substituted by `hsb' on input line 1356.
Package xcolor Info: Model `tHsb' substituted by `hsb' on input line 1357.
Package xcolor Info: Model `HSB' substituted by `hsb' on input line 1358.
Package xcolor Info: Model `Gray' substituted by `gray' on input line 1359.
Package xcolor Info: Model `wave' substituted by `hsb' on input line 1360.
))
(/usr/share/texlive/texmf-dist/tex/latex/pdfpages/pppdftex.def
File: pppdftex.def 2013/08/25 v0.4v Pdfpages driver for pdfTeX (AM)

(/usr/share/texlive/texmf-dist/tex/latex/pdfpages/ppnull.def
File: ppnull.def 2013/08/25 v0.4v Pdfpages dummy driver (AM)


Package pdfpages Warning: I will use a dummy \includepdf command
(pdfpages)                which will NOT insert any pages, because
(pdfpages)                you are producing DVI output.

))
\AM@pagebox=\box28
\AM@toc@title=\toks29
\c@AM@survey=\count112
\AM@templatesizebox=\box29
) (/usr/share/texlive/texmf-dist/tex/latex/booktabs/booktabs.sty
Package: booktabs 2005/04/14 v1.61803 publication quality tables
\heavyrulewidth=\dimen128
\lightrulewidth=\dimen129
\cmidrulewidth=\dimen130
\belowrulesep=\dimen131
\belowbottomsep=\dimen132
\aboverulesep=\dimen133
\abovetopsep=\dimen134
\cmidrulesep=\dimen135
\cmidrulekern=\dimen136
\defaultaddspace=\dimen137
\@cmidla=\count113
\@cmidlb=\count114
\@aboverulesep=\dimen138
\@belowrulesep=\dimen139
\@thisruleclass=\count115
\@lastruleclass=\count116
\@thisrulewidth=\dimen140
)
(/usr/share/texlive/texmf-dist/tex/latex/multirow/multirow.sty
\bigstrutjot=\dimen141
)
(/usr/share/texmf/tex/generic/tex4ht/tex4ht.4ht
version 2009-01-07-07:11
--------------------------------------
--- Note --- for additional information, use the command line option `info'
--------------------------------------

::::::::::::::::::::::::::::::::::::::::::
 TeX4ht info is available in the log file 
::::::::::::::::::::::::::::::::::::::::::
) (/usr/share/texmf/tex/generic/tex4ht/tex4ht.sty
version 2008-10-27-17:23

--- needs --- tex4ht calibration_paper ---
\tmp:cnt=\count117
\openout15 = `calibration_paper.tmp'.

(./calibration_paper.tmp)
\tmp:dim=\skip54
--------------------------------------
--- Note --- for XML code, use the command line option `xml' or `xhtml'
--------------------------------------
 (./calibration_paper.xref)
\:refout=\write3
\openout3 = `calibration_paper.xref'.


(/usr/share/texmf/tex/generic/tex4ht/html4.4ht
version 2009-05-18-23:01
--------------------------------------
--- Note --- to remove the <?xml version=...?> processing instruction use the c
ommand line option `no-VERSION'
--------------------------------------
--------------------------------------
--- Note --- to remove the DOCTYPE declaration use the command line option `no-
DOCTYPE'
--------------------------------------
)
(/usr/share/texmf/tex/generic/tex4ht/html4-math.4ht
version 2009-05-18-23:01
)
--------------------------------------
--- Note --- for marking of the base font, use the command line option `fonts+'

--------------------------------------
--------------------------------------
--- Note --- for non active _, use the command line option `no_'
--------------------------------------
--------------------------------------
--- Note --- for _ of catcode 13, use the command line option `_13'
--------------------------------------
--------------------------------------
--- Note --- for non active ^, use the command line option `no^'
--------------------------------------
--------------------------------------
--- Note --- for ^ of catcode 13, use the command line option `^13'
--------------------------------------

(/usr/share/texmf/tex/generic/tex4ht/html4.4ht
version 2009-05-18-23:01
--------------------------------------
--- Note --- for alternative charset, use the command line option `charset=...'

--------------------------------------
--------------------------------------
--- Note --- to ignore CSS font decoration, use the `NoFonts' command line opti
on
--------------------------------------
--------------------------------------
--- Note --- for jpg bitmaps of pictures, use the `jpg' command line option. (C
haracter bitmaps are controled only by `g' records of tex4ht.env and `-g' switc
hes of tex4ht.c) 
--------------------------------------
--------------------------------------
--- Note --- for gif bitmaps of pictures, use the `gif' command line option. (C
haracter bitmaps are controled only by `g' records of tex4ht.env and `-g' switc
hes of tex4ht.c) 
--------------------------------------
--------------------------------------
--- Note --- for content and toc in 2 frames, use the command line option `fram
es'
--------------------------------------
--------------------------------------
--- Note --- for content, toc, and footnotes in 3 frames, use the command line 
option `frames-fn'
--------------------------------------
--------------------------------------
--- Note --- for file extension name xht, use the command line option `xht'
--------------------------------------
TeX4ht package options: html
--------------------------------------
--- Note --- to ignore CSS code, use the command line option `-css
--------------------------------------
--------------------------------------
--- Note --- for inline CSS code, use the command line option `css-in'
--------------------------------------
--------------------------------------
--- Note --- for pop ups on mouse over, use the command line option `mouseover'

--------------------------------------
--------------------------------------
--- Note --- for addressing images in a subdirectory, use the command line opti
on `imgdir:.../'
--------------------------------------
)
(/usr/share/texmf/tex/generic/tex4ht/html4-math.4ht
version 2009-05-18-23:01
)
\:tokwrite=\toks30
\:tokpage=\toks31
--------------------------------------
--- Note --- for back links to toc, use the command line option `sections+'
--------------------------------------
--------------------------------------
--- Note --- for linear crosslinks of pages, use the command line option `next'

--------------------------------------
\openout15 = `calibration_paper.4ct'.

\:tocout=\write4
\openout4 = `calibration_paper.4tc'.


(/usr/share/texmf/tex/generic/tex4ht/html4.4ht
version 2009-05-18-23:01
)
(/usr/share/texmf/tex/generic/tex4ht/html4-math.4ht
version 2009-05-18-23:01
)
(/usr/share/texmf/tex/generic/tex4ht/latex.4ht
version 2009-05-21-09:32
--------------------------------------
--- Note --- for links into captions, instead of float heads, use the command l
ine option `refcaption'
--------------------------------------

(/usr/share/texmf/tex/generic/tex4ht/html4.4ht
version 2009-05-18-23:01
--------------------------------------
--- Note --- For mini tocs immediately aftter the header use the command line o
ption `minitoc<'
--------------------------------------
--------------------------------------
--- Note --- for enumerated list elements with valued data, use the command lin
e option `enumerate+'
--------------------------------------
--------------------------------------
--- Note --- for enumerated list elements li's with value attributes, use the c
ommand line option `enumerate-'
--------------------------------------
--------------------------------------
--- Note --- for CSS2 code, use the command line option `css2'
--------------------------------------
--------------------------------------
--- Note --- for pictorial tabular, use the command line option `pic-tabular'
--------------------------------------
--------------------------------------
--- Note --- for bitmap fbox'es, use the command line option `pic-fbox'
--------------------------------------
--------------------------------------
--- Note --- for bitmap framebox'es, use the command line option `pic-framebox'

--------------------------------------
--------------------------------------
--- Note --- for inline footnotes use command line option `fn-in'
--------------------------------------
--------------------------------------
--- Note --- for tracing of latex font commands, use the command line option `f
onts'
--------------------------------------
--------------------------------------
--- Note --- for width specifications of tabular p entries, use the `p-width' c
ommand line option or a configuration similar to \Configure{HColWidth}{\HCode{ 
style="width:\HColWidth"}}
--------------------------------------
)
(/usr/share/texmf/tex/generic/tex4ht/html4-math.4ht
version 2009-05-18-23:01
--------------------------------------
--- Note --- for pictorial eqnarray, use the command line option `pic-eqnarray'

--------------------------------------
--------------------------------------
--- Note --- for pictorial array, use the command line option `pic-array'
--------------------------------------
--------------------------------------
--- Note --- for pictorial $...$ environments, use the command line option `pic
-m' (not recommended!!)
--------------------------------------
--------------------------------------
--- Note --- for pictorial $...$ and $$...$$ environments with latex alt, use t
he command line option `pic-m+' (not safe!!)
--------------------------------------
--------------------------------------
--- Note --- for pictorial array, use the command line option `pic-array'
--------------------------------------
))
(/usr/share/texmf/tex/generic/tex4ht/fontmath.4ht
version 2009-05-21-09:32

(/usr/share/texmf/tex/generic/tex4ht/html4.4ht
version 2009-05-18-23:01
)
(/usr/share/texmf/tex/generic/tex4ht/html4-math.4ht
version 2009-05-18-23:01
))
(/usr/share/texmf/tex/generic/tex4ht/article.4ht
version 2009-05-21-09:32

(/usr/share/texmf/tex/generic/tex4ht/html4.4ht
version 2009-05-18-23:01
--------------------------------------
--- Note --- for automatic sectioning pagination, use the command line option `
1', `2', `3', '4', '5', '6', or '7'
--------------------------------------
--------------------------------------
--- Note --- for files named derived from section titles, use the command line 
option `sec-filename'
--------------------------------------
--------------------------------------
--- Note --- for i-columns index, use the command line option `index=i' (e.g., 
index=2)
--------------------------------------
)
(/usr/share/texmf/tex/generic/tex4ht/html4-math.4ht
version 2009-05-18-23:01
))
(/usr/share/texmf/tex/generic/tex4ht/graphicx.4ht
version 2009-05-21-09:32

(/usr/share/texmf/tex/generic/tex4ht/html4.4ht
version 2009-05-18-23:01
)
(/usr/share/texmf/tex/generic/tex4ht/html4-math.4ht
version 2009-05-18-23:01
))
(/usr/share/texmf/tex/generic/tex4ht/graphics.4ht
version 2009-05-21-09:32

(/usr/share/texmf/tex/generic/tex4ht/html4.4ht
version 2009-05-18-23:01
--------------------------------------
--- Note --- if included graphics are of degraded quality, try the command line
 options `graphics-num' or `graphics-'. The `num' should provide the density of
 pixels in the bitmaps (e.g., 110). 
--------------------------------------
--------------------------------------
--- Note --- for key dimensions try the option `Gin-dim'; for key dimensions wh
en bounding box is unavailable try `Gin-dim+'; neither is recommended
--------------------------------------
)
(/usr/share/texmf/tex/generic/tex4ht/html4-math.4ht
version 2009-05-18-23:01
))
(/usr/share/texmf/tex/generic/tex4ht/dvips.4ht
version 2009-05-21-09:32

(/usr/share/texmf/tex/generic/tex4ht/html4.4ht
version 2009-05-18-23:01
)
(/usr/share/texmf/tex/generic/tex4ht/html4-math.4ht
version 2009-05-18-23:01
))
(/usr/share/texmf/tex/generic/tex4ht/amsmath.4ht
version 2009-05-21-09:32
\tmp:muskip=\muskip12

(/usr/share/texmf/tex/generic/tex4ht/html4.4ht
version 2009-05-18-23:01
)
(/usr/share/texmf/tex/generic/tex4ht/html4-math.4ht
version 2009-05-18-23:01
))
(/usr/share/texmf/tex/generic/tex4ht/amstext.4ht
version 2009-05-21-09:32

(/usr/share/texmf/tex/generic/tex4ht/html4.4ht
version 2009-05-18-23:01
)
(/usr/share/texmf/tex/generic/tex4ht/html4-math.4ht
version 2009-05-18-23:01
))
(/usr/share/texmf/tex/generic/tex4ht/amsbsy.4ht
version 2009-05-21-09:32

(/usr/share/texmf/tex/generic/tex4ht/html4.4ht
version 2009-05-18-23:01
)
(/usr/share/texmf/tex/generic/tex4ht/html4-math.4ht
version 2009-05-18-23:01
))
(/usr/share/texmf/tex/generic/tex4ht/amsopn.4ht
version 2009-05-21-09:32

(/usr/share/texmf/tex/generic/tex4ht/html4.4ht
version 2009-05-18-23:01
)
(/usr/share/texmf/tex/generic/tex4ht/html4-math.4ht
version 2009-05-18-23:01
))
(/usr/share/texmf/tex/generic/tex4ht/bm.4ht
version 2009-05-21-09:32

(/usr/share/texmf/tex/generic/tex4ht/html4.4ht
version 2009-05-18-23:01
)
(/usr/share/texmf/tex/generic/tex4ht/html4-math.4ht
version 2009-05-18-23:01
))
(/usr/share/texmf/tex/generic/tex4ht/amsfonts.4ht
version 2009-05-21-09:32

(/usr/share/texmf/tex/generic/tex4ht/html4.4ht
version 2009-05-18-23:01
)
(/usr/share/texmf/tex/generic/tex4ht/html4-math.4ht
version 2009-05-18-23:01
))
(/usr/share/texmf/tex/generic/tex4ht/amsthm.4ht
version 2009-05-21-09:32

(/usr/share/texmf/tex/generic/tex4ht/html4.4ht
version 2009-05-18-23:01
)
(/usr/share/texmf/tex/generic/tex4ht/html4-math.4ht
version 2009-05-18-23:01
))
(/usr/share/texmf/tex/generic/tex4ht/hyperref.4ht
version 2009-05-21-09:32

(/usr/share/texlive/texmf-dist/tex/latex/hyperref/nameref.sty
Package: nameref 2012/10/27 v2.43 Cross-referencing by name of section

(/usr/share/texlive/texmf-dist/tex/generic/oberdiek/gettitlestring.sty
Package: gettitlestring 2010/12/03 v1.4 Cleanup title references (HO)
)
\c@section@level=\count118
)
(/usr/share/texmf/tex/generic/tex4ht/nameref.4ht
version 2009-05-21-09:32

(/usr/share/texmf/tex/generic/tex4ht/html4.4ht
version 2009-05-18-23:01
)
(/usr/share/texmf/tex/generic/tex4ht/html4-math.4ht
version 2009-05-18-23:01
))
LaTeX Info: Redefining \autoref on input line 99.

(/usr/share/texmf/tex/generic/tex4ht/html4.4ht
version 2009-05-18-23:01
)
(/usr/share/texmf/tex/generic/tex4ht/html4-math.4ht
version 2009-05-18-23:01
))
(/usr/share/texmf/tex/generic/tex4ht/pd1enc.4ht
version 2009-05-21-09:32

(/usr/share/texmf/tex/generic/tex4ht/html4.4ht
version 2009-05-18-23:01
)
(/usr/share/texmf/tex/generic/tex4ht/html4-math.4ht
version 2009-05-18-23:01
))
(/usr/share/texmf/tex/generic/tex4ht/url.4ht
version 2009-05-21-09:32

(/usr/share/texmf/tex/generic/tex4ht/html4.4ht
version 2009-05-18-23:01
--------------------------------------
--- Note --- for URL encoding within href use the command line option `url-enc'

--------------------------------------
)
(/usr/share/texmf/tex/generic/tex4ht/html4-math.4ht
version 2009-05-18-23:01
))
(/usr/share/texmf/tex/generic/tex4ht/natbib.4ht
version 2009-05-21-09:32

(/usr/share/texmf/tex/generic/tex4ht/html4.4ht
version 2009-05-18-23:01
)
(/usr/share/texmf/tex/generic/tex4ht/html4-math.4ht
version 2009-05-18-23:01
))
(/usr/share/texmf/tex/generic/tex4ht/ifthen.4ht
version 2009-05-21-09:32

(/usr/share/texmf/tex/generic/tex4ht/html4.4ht
version 2009-05-18-23:01
)
(/usr/share/texmf/tex/generic/tex4ht/html4-math.4ht
version 2009-05-18-23:01
))
(/usr/share/texmf/tex/generic/tex4ht/xcolor.4ht
version 2009-05-21-09:32

(/usr/share/texmf/tex/generic/tex4ht/color.4ht
version 2009-05-21-09:32

(/usr/share/texmf/tex/generic/tex4ht/html4.4ht
version 2009-05-18-23:01
)
(/usr/share/texmf/tex/generic/tex4ht/html4-math.4ht
version 2009-05-18-23:01
))
(/usr/share/texmf/tex/generic/tex4ht/html4.4ht
version 2009-05-18-23:01
)
(/usr/share/texmf/tex/generic/tex4ht/html4-math.4ht
version 2009-05-18-23:01
))
(/usr/share/texmf/tex/generic/tex4ht/color.4ht
version 2009-05-21-09:32
)
(/usr/share/texmf/tex/generic/tex4ht/booktabs.4ht
version 2009-05-21-09:32

(/usr/share/texmf/tex/generic/tex4ht/html4.4ht
version 2009-05-18-23:01
)
(/usr/share/texmf/tex/generic/tex4ht/html4-math.4ht
version 2009-05-18-23:01
))
(/usr/share/texmf/tex/generic/tex4ht/multirow.4ht
version 2009-05-21-09:32

(/usr/share/texmf/tex/generic/tex4ht/html4.4ht
version 2009-05-18-23:01
)
(/usr/share/texmf/tex/generic/tex4ht/html4-math.4ht
version 2009-05-18-23:01
))
(/usr/share/texmf/tex/generic/tex4ht/html4.4ht
version 2009-05-18-23:01
)
(/usr/share/texmf/tex/generic/tex4ht/html4-math.4ht
version 2009-05-18-23:01
)) (./calibration_paper.aux
(./tables.aux) (./figures.aux))
\openout1 = `calibration_paper.aux'.

LaTeX Font Info:    Checking defaults for OML/cmm/m/it on input line 23.
LaTeX Font Info:    ... okay on input line 23.
LaTeX Font Info:    Checking defaults for T1/cmr/m/n on input line 23.
LaTeX Font Info:    ... okay on input line 23.
LaTeX Font Info:    Checking defaults for OT1/cmr/m/n on input line 23.
LaTeX Font Info:    ... okay on input line 23.
LaTeX Font Info:    Checking defaults for OMS/cmsy/m/n on input line 23.
LaTeX Font Info:    ... okay on input line 23.
LaTeX Font Info:    Checking defaults for OMX/cmex/m/n on input line 23.
LaTeX Font Info:    ... okay on input line 23.
LaTeX Font Info:    Checking defaults for U/cmr/m/n on input line 23.
LaTeX Font Info:    ... okay on input line 23.
LaTeX Font Info:    Checking defaults for PD1/pdf/m/n on input line 23.
LaTeX Font Info:    ... okay on input line 23.

*geometry* driver: auto-detecting
*geometry* detected driver: dvips
*geometry* verbose mode - [ preamble ] result:
* driver: dvips
* paper: <default>
* layout: <same size as paper>
* layoutoffset:(h,v)=(0.0pt,0.0pt)
* modes: 
* h-part:(L,W,R)=(72.26999pt, 469.75502pt, 72.26999pt)
* v-part:(T,H,B)=(72.26999pt, 650.43001pt, 72.26999pt)
* \paperwidth=614.295pt
* \paperheight=794.96999pt
* \textwidth=469.75502pt
* \textheight=650.43001pt
* \oddsidemargin=0.0pt
* \evensidemargin=0.0pt
* \topmargin=-37.0pt
* \headheight=12.0pt
* \headsep=25.0pt
* \topskip=12.0pt
* \footskip=30.0pt
* \marginparwidth=44.0pt
* \marginparsep=10.0pt
* \columnsep=10.0pt
* \skip\footins=10.8pt plus 4.0pt minus 2.0pt
* \hoffset=0.0pt
* \voffset=0.0pt
* \mag=1000
* \@twocolumnfalse
* \@twosidefalse
* \@mparswitchfalse
* \@reversemarginfalse
* (1in=72.27pt=25.4mm, 1cm=28.453pt)

\AtBeginShipoutBox=\box30
Package hyperref Info: Link coloring ON on input line 23.
LaTeX Info: Redefining \ref on input line 23.
LaTeX Info: Redefining \pageref on input line 23.
LaTeX Info: Redefining \nameref on input line 23.
--- file calibration_paper.css ---
l. 31 Writing calibration_paper.idv[1] (calibration_paper0x.png)
l. 31 Writing calibration_paper.idv[2] (calibration_paper1x.png)
[1

]
l. 31 Writing calibration_paper.idv[3] (calibration_paper2x.png)
l. 31 Writing calibration_paper.idv[4] (calibration_paper3x.png)
 [2]
LaTeX Font Info:    Try loading font information for U+msa on input line 31.
 (/usr/share/texlive/texmf-dist/tex/latex/amsfonts/umsa.fd
File: umsa.fd 2013/01/14 v3.01 AMS symbols A
)
LaTeX Font Info:    Try loading font information for U+msb on input line 31.

(/usr/share/texlive/texmf-dist/tex/latex/amsfonts/umsb.fd
File: umsb.fd 2013/01/14 v3.01 AMS symbols B
)
l. 74 Writing calibration_paper.idv[5] (calibration_paper4x.png)
l. 74 Writing calibration_paper.idv[6] (calibration_paper5x.png)
 [3]
l. 149 Writing calibration_paper.idv[7] (calibration_paper6x.png)
l. 149 Writing calibration_paper.idv[8] (calibration_paper7x.png)
 [4]
l. 202 Writing calibration_paper.idv[9] (calibration_paper8x.png)
l. 202 Writing calibration_paper.idv[10] (calibration_paper9x.png)
 [5]

Package natbib Warning: Citation `XXX' on page 6 undefined on input line 205.


Package natbib Warning: Citation `paciorek_composition' on page 6 undefined on 
input line 209.


Package natbib Warning: Citation `XXX' on page 6 undefined on input line 238.


Package natbib Warning: Citation `XXX' on page 6 undefined on input line 261.

l. 262 Writing calibration_paper.idv[11] (calibration_paper10x.png)
l. 262 Writing calibration_paper.idv[12] (calibration_paper11x.png)
[6]
l. 317 Writing calibration_paper.idv[13] (calibration_paper12x.png)
l. 317 Writing calibration_paper.idv[14] (calibration_paper13x.png)
 [7]
l. 381 Writing calibration_paper.idv[15] (calibration_paper14x.png)
l. 381 Writing calibration_paper.idv[16] (calibration_paper15x.png)
 [8]
l. 415 Writing calibration_paper.idv[17] (calibration_paper16x.png)
l. 415 Writing calibration_paper.idv[18] (calibration_paper17x.png)
 [9]
l. 417 Writing calibration_paper.idv[19] (calibration_paper18x.png)
l. 424 Writing calibration_paper.idv[20] (calibration_paper19x.png)
l. 424 Writing calibration_paper.idv[21] (calibration_paper20x.png)
l. 436 Writing calibration_paper.idv[22] (calibration_paper21x.png)
l. 436 Writing calibration_paper.idv[23] (calibration_paper22x.png)
 [10]
l. 464 Writing calibration_paper.idv[24] (calibration_paper23x.png)
l. 464 Writing calibration_paper.idv[25] (calibration_paper24x.png)
l. 464 Writing calibration_paper.idv[26] (calibration_paper25x.png)
l. 464 Writing calibration_paper.idv[27] (calibration_paper26x.png)
l. 464 Writing calibration_paper.idv[28] (calibration_paper27x.png)
l. 485 Writing calibration_paper.idv[29] (calibration_paper28x.png)
l. 485 Writing calibration_paper.idv[30] (calibration_paper29x.png)
 [11]
l. 495 Writing calibration_paper.idv[31] (calibration_paper30x.png)
l. 495 Writing calibration_paper.idv[32] (calibration_paper31x.png)
l. 495 Writing calibration_paper.idv[33] (calibration_paper32x.png)
l. 495 Writing calibration_paper.idv[34] (calibration_paper33x.png)
l. 495 Writing calibration_paper.idv[35] (calibration_paper34x.png)
l. 495 Writing calibration_paper.idv[36] (calibration_paper35x.png)
l. 495 Writing calibration_paper.idv[37] (calibration_paper36x.png)
l. 507 Writing calibration_paper.idv[38] (calibration_paper37x.png)
l. 507 Writing calibration_paper.idv[39] (calibration_paper38x.png)
 [12]
l. 547 Writing calibration_paper.idv[40] (calibration_paper39x.png)
l. 547 Writing calibration_paper.idv[41] (calibration_paper40x.png)
 [13]
l. 603 Writing calibration_paper.idv[42] (calibration_paper41x.png)
l. 603 Writing calibration_paper.idv[43] (calibration_paper42x.png)
 [14]
Missing character: There is no ‚ in font cmr12!
Missing character: There is no Ä in font cmr12!
Missing character: There is no ô in font cmr12!
Missing character: There is no ‚ in font cmr12!
Missing character: There is no Ä in font cmr12!
Missing character: There is no ú in font cmr12!
Missing character: There is no ‚ in font cmr12!
Missing character: There is no Ä in font cmr12!
Missing character: There is no ù in font cmr12!
l. 679 Writing calibration_paper.idv[44] (calibration_paper43x.png)
l. 679 Writing calibration_paper.idv[45] (calibration_paper44x.png)
 [15]

Package natbib Warning: Citation `XXX' on page 16 undefined on input line 715.

l. 728 Writing calibration_paper.idv[46] (calibration_paper45x.png)
l. 728 Writing calibration_paper.idv[47] (calibration_paper46x.png)
[16]

LaTeX Warning: Reference `XXXX' on page 17 undefined on input line 739.

l. 805 Writing calibration_paper.idv[48] (calibration_paper47x.png)
l. 805 Writing calibration_paper.idv[49] (calibration_paper48x.png)
[17]
l. 884 Writing calibration_paper.idv[50] (calibration_paper49x.png)
l. 884 Writing calibration_paper.idv[51] (calibration_paper50x.png)
 [18]

LaTeX Warning: Reference `fig:XXX' on page 19 undefined on input line 911.

l. 919 Writing calibration_paper.idv[52] (calibration_paper51x.png)
l. 919 Writing calibration_paper.idv[53] (calibration_paper52x.png)
[19]

LaTeX Warning: Reference `fig:XXX' on page 20 undefined on input line 928.


LaTeX Warning: Reference `fig:maps_pollen' on page 20 undefined on input line 9
94.

l. 1019 Writing calibration_paper.idv[54] (calibration_paper53x.png)
l. 1019 Writing calibration_paper.idv[55] (calibration_paper54x.png)
[20]
l. 1022 Writing calibration_paper.idv[56] (calibration_paper55x.png)
l. 1022 Writing calibration_paper.idv[57] (calibration_paper56x.png)
 [21]
\openout2 = `tables.aux'.

 (./tables.tex
l. 3 Writing calibration_paper.idv[58] (calibration_paper57x.png)
l. 3 Writing calibration_paper.idv[59] (calibration_paper58x.png)
 [22

]
l. 3 Writing calibration_paper.idv[60] (calibration_paper59x.png)
l. 3 Writing calibration_paper.idv[61] (calibration_paper60x.png)
 [23

]
l. 26 Writing calibration_paper.idv[62] (calibration_paper61x.png)
l. 26 Writing calibration_paper.idv[63] (calibration_paper62x.png)
 [24

]
l. 46 Writing calibration_paper.idv[64] (calibration_paper63x.png)
l. 46 Writing calibration_paper.idv[65] (calibration_paper64x.png)
 [25

]
l. 46 Writing calibration_paper.idv[66] (calibration_paper65x.png)
l. 46 Writing calibration_paper.idv[67] (calibration_paper66x.png)
 [26

]
l. 69 Writing calibration_paper.idv[68] (calibration_paper67x.png)
l. 69 Writing calibration_paper.idv[69] (calibration_paper68x.png)
 [27

]
l. 101 Writing calibration_paper.idv[70] (calibration_paper69x.png)
l. 101 Writing calibration_paper.idv[71] (calibration_paper70x.png)
 [28

]
l. 101 Writing calibration_paper.idv[72] (calibration_paper71x.png)
l. 101 Writing calibration_paper.idv[73] (calibration_paper72x.png)
 [29

]
l. 130 Writing calibration_paper.idv[74] (calibration_paper73x.png)
l. 130 Writing calibration_paper.idv[75] (calibration_paper74x.png)
 [30

])
l. 1022 Writing calibration_paper.idv[76] (calibration_paper75x.png)
l. 1022 Writing calibration_paper.idv[77] (calibration_paper76x.png)
 [31

]
l. 1023 Writing calibration_paper.idv[78] (calibration_paper77x.png)
l. 1023 Writing calibration_paper.idv[79] (calibration_paper78x.png)

[32

]
\openout2 = `figures.aux'.

 (./figures.tex
l. 12 Writing calibration_paper.idv[80] (calibration_paper79x.png)
l. 12 Writing calibration_paper.idv[81] (calibration_paper80x.png)
 [33

]
l. 12 Writing calibration_paper.idv[82] (calibration_paper81x.png)
l. 12 Writing calibration_paper.idv[83] (calibration_paper82x.png)
 [34

]
l.14 --- TeX4ht warning --- Cannot determine size of graphic in figures/pie_plo
t_pollen_ALL_v0_3.png (no BoundingBox) ---
l. 14 --- needs --- figures/pie_plot_pollen_ALL_v0_3.png ---
l.15 --- TeX4ht warning --- Cannot determine size of graphic in figures/pie_plo
t_pls_ALL_v0_3.png (no BoundingBox) ---
l. 15 --- needs --- figures/pie_plot_pls_ALL_v0_3.png ---
l. 22 Writing calibration_paper.idv[84] (calibration_paper83x.png)
l. 22 Writing calibration_paper.idv[85] (calibration_paper84x.png)
[35

]
l. 26 Writing calibration_paper.idv[86] (calibration_paper85x.png)
l. 26 Writing calibration_paper.idv[87] (calibration_paper86x.png)
 [36

]
l. 26 Writing calibration_paper.idv[88] (calibration_paper87x.png)
l. 26 Writing calibration_paper.idv[89] (calibration_paper88x.png)
 [37

]
l.28 --- TeX4ht warning --- Cannot determine size of graphic in figures/cal_tra
ce.png (no BoundingBox) ---
l. 28 --- needs --- figures/cal_trace.png ---
l. 54 Writing calibration_paper.idv[90] (calibration_paper89x.png)
l. 54 Writing calibration_paper.idv[91] (calibration_paper90x.png)
[38

]
l. 58 Writing calibration_paper.idv[92] (calibration_paper91x.png)
l. 58 Writing calibration_paper.idv[93] (calibration_paper92x.png)
 [39

]
l. 58 Writing calibration_paper.idv[94] (calibration_paper93x.png)
l. 58 Writing calibration_paper.idv[95] (calibration_paper94x.png)
 [40

]
l.59 --- TeX4ht warning --- Cannot determine size of graphic in figures/maps_co
mpare_PINE.png (no BoundingBox) ---
l. 59 --- needs --- figures/maps_compare_PINE.png ---
l. 64 Writing calibration_paper.idv[96] (calibration_paper95x.png)
l. 64 Writing calibration_paper.idv[97] (calibration_paper96x.png)
[41

]
l. 68 Writing calibration_paper.idv[98] (calibration_paper97x.png)
l. 68 Writing calibration_paper.idv[99] (calibration_paper98x.png)
 [42

]
l. 68 Writing calibration_paper.idv[100] (calibration_paper99x.png)
l. 68 Writing calibration_paper.idv[101] (calibration_paper100x.png)
 [43

]
l.69 --- TeX4ht warning --- Cannot determine size of graphic in figures/maps_co
mpare_BIRCH.png (no BoundingBox) ---
l. 69 --- needs --- figures/maps_compare_BIRCH.png ---
l. 74 Writing calibration_paper.idv[102] (calibration_paper101x.png)
l. 74 Writing calibration_paper.idv[103] (calibration_paper102x.png)
[44

]
l. 78 Writing calibration_paper.idv[104] (calibration_paper103x.png)
l. 78 Writing calibration_paper.idv[105] (calibration_paper104x.png)
 [45

]
l. 78 Writing calibration_paper.idv[106] (calibration_paper105x.png)
l. 78 Writing calibration_paper.idv[107] (calibration_paper106x.png)
 [46

]
l.79 --- TeX4ht warning --- Cannot determine size of graphic in figures/pollen_
phi_scaled_flexible.png (no BoundingBox) ---
l. 79 --- needs --- figures/pollen_phi_scaled_flexible.png ---
l. 86 Writing calibration_paper.idv[108] (calibration_paper107x.png)
l. 86 Writing calibration_paper.idv[109] (calibration_paper108x.png)
[47

]
l. 90 Writing calibration_paper.idv[110] (calibration_paper109x.png)
l. 90 Writing calibration_paper.idv[111] (calibration_paper110x.png)
 [48

]
l. 90 Writing calibration_paper.idv[112] (calibration_paper111x.png)
l. 90 Writing calibration_paper.idv[113] (calibration_paper112x.png)
 [49

]
l.91 --- TeX4ht warning --- Cannot determine size of graphic in figures/pollen_
preds_flexible.png (no BoundingBox) ---
l. 91 --- needs --- figures/pollen_preds_flexible.png ---
l. 97 Writing calibration_paper.idv[114] (calibration_paper113x.png)
l. 97 Writing calibration_paper.idv[115] (calibration_paper114x.png)
[50

]
l. 101 Writing calibration_paper.idv[116] (calibration_paper115x.png)
l. 101 Writing calibration_paper.idv[117] (calibration_paper116x.png)
 [51

]
l. 101 Writing calibration_paper.idv[118] (calibration_paper117x.png)
l. 101 Writing calibration_paper.idv[119] (calibration_paper118x.png)
 [52

]
l.102 --- TeX4ht warning --- Cannot determine size of graphic in figures/phi.pn
g (no BoundingBox) ---
l. 102 --- needs --- figures/phi.png ---
l. 106 Writing calibration_paper.idv[120] (calibration_paper119x.png)
l. 106 Writing calibration_paper.idv[121] (calibration_paper120x.png)
[53

]
l. 110 Writing calibration_paper.idv[122] (calibration_paper121x.png)
l. 110 Writing calibration_paper.idv[123] (calibration_paper122x.png)
 [54

]
l. 110 Writing calibration_paper.idv[124] (calibration_paper123x.png)
l. 110 Writing calibration_paper.idv[125] (calibration_paper124x.png)
 [55

]
l.111 --- TeX4ht warning --- Cannot determine size of graphic in figures/kernel
_discrete_cdfs.png (no BoundingBox) ---
l. 111 --- needs --- figures/kernel_discrete_cdfs.png ---
l. 117 Writing calibration_paper.idv[126] (calibration_paper125x.png)
l. 117 Writing calibration_paper.idv[127] (calibration_paper126x.png)
[56

]
l. 137 Writing calibration_paper.idv[128] (calibration_paper127x.png)
l. 137 Writing calibration_paper.idv[129] (calibration_paper128x.png)
 [57

]
l. 137 Writing calibration_paper.idv[130] (calibration_paper129x.png)
l. 137 Writing calibration_paper.idv[131] (calibration_paper130x.png)
 [58

]
l.138 --- TeX4ht warning --- Cannot determine size of graphic in figures/maps_p
redicted_pollen_g_flexible.png (no BoundingBox) ---
l. 138 --- needs --- figures/maps_predicted_pollen_g_flexible.png ---
l. 142 Writing calibration_paper.idv[132] (calibration_paper131x.png)
l. 142 Writing calibration_paper.idv[133] (calibration_paper132x.png)
[59

]
l. 147 Writing calibration_paper.idv[134] (calibration_paper133x.png)
l. 147 Writing calibration_paper.idv[135] (calibration_paper134x.png)
 [60

]
l. 147 Writing calibration_paper.idv[136] (calibration_paper135x.png)
l. 147 Writing calibration_paper.idv[137] (calibration_paper136x.png)
 [61

]
l.148 --- TeX4ht warning --- Cannot determine size of graphic in figures/maps_p
redicted_pollen_pl_flexible.png (no BoundingBox) ---
l. 148 --- needs --- figures/maps_predicted_pollen_pl_flexible.png ---
l. 151 Writing calibration_paper.idv[138] (calibration_paper137x.png)
l. 151 Writing calibration_paper.idv[139] (calibration_paper138x.png)
[62

]
l. 155 Writing calibration_paper.idv[140] (calibration_paper139x.png)
l. 155 Writing calibration_paper.idv[141] (calibration_paper140x.png)
 [63

]
l. 155 Writing calibration_paper.idv[142] (calibration_paper141x.png)
l. 155 Writing calibration_paper.idv[143] (calibration_paper142x.png)
 [64

]
l.156 --- TeX4ht warning --- Cannot determine size of graphic in figures/maps_v
eg.png (no BoundingBox) ---
l. 156 --- needs --- figures/maps_veg.png ---
l. 159 Writing calibration_paper.idv[144] (calibration_paper143x.png)
l. 159 Writing calibration_paper.idv[145] (calibration_paper144x.png)
[65

])
l. 1023 Writing calibration_paper.idv[146] (calibration_paper145x.png)
l. 1023 Writing calibration_paper.idv[147] (calibration_paper146x.png)
 [66

] (./calibration_paper.bbl
l. 66 Writing calibration_paper.idv[148] (calibration_paper147x.png)
l. 66 Writing calibration_paper.idv[149] (calibration_paper148x.png)
 [67

]
l. 128 Writing calibration_paper.idv[150] (calibration_paper149x.png)
l. 128 Writing calibration_paper.idv[151] (calibration_paper150x.png)
 [68]
l. 182 Writing calibration_paper.idv[152] (calibration_paper151x.png)
l. 182 Writing calibration_paper.idv[153] (calibration_paper152x.png)
 [69]
l. 238 Writing calibration_paper.idv[154] (calibration_paper153x.png)
l. 238 Writing calibration_paper.idv[155] (calibration_paper154x.png)
 [70])

Package natbib Warning: There were undefined citations.

Package atveryend Info: Empty hook `BeforeClearDocument' on input line 1027.
l. 1027 Writing calibration_paper.idv[156] (calibration_paper155x.png)
l. 1027 Writing calibration_paper.idv[157] (calibration_paper156x.png)
[71]
Package atveryend Info: Empty hook `AfterLastShipout' on input line 1027.
 (./calibration_paper.aux (./tables.aux) (./figures.aux))
Package atveryend Info: Empty hook `AtVeryEndDocument' on input line 1027.
Package atveryend Info: Empty hook `AtEndAfterFileList' on input line 1027.


LaTeX Warning: There were undefined references.

Package atveryend Info: Empty hook `AtVeryVeryEnd' on input line 1027.
 ) 
Here is how much of TeX's memory you used:
 11703 strings out of 495029
 156932 string characters out of 6181524
 381399 words of memory out of 5000000
 14604 multiletter control sequences out of 15000+600000
 17835 words of font info for 66 fonts, out of 8000000 for 9000
 14 hyphenation exceptions out of 8191
 41i,14n,51p,3775b,621s stack positions out of 5000i,500n,10000p,200000b,80000s

Output written on calibration_paper.dvi (71 pages, 224784 bytes).
